<?xml version="1.0" encoding="UTF-8"?>
<testsuites>
  <testsuite errors="0" failures="0" tests="3" skipped="0" name=".Users.pravgupt.Workspaces.Flutter.amplify_fork.amplify_flutter.packages.amplify_storage_s3.test.amplify_storage_s3_uploadfile" timestamp="2020-12-22T23:24:40">
    <properties>
      <property name="platform" value="vm"/>
    </properties>
    <testcase classname=".Users.pravgupt.Workspaces.Flutter.amplify_fork.amplify_flutter.packages.amplify_storage_s3.test.amplify_storage_s3_uploadfile" name="uploadFile request returns the correct UploadFileResult in the happy case" time="0.054"/>
    <testcase classname=".Users.pravgupt.Workspaces.Flutter.amplify_fork.amplify_flutter.packages.amplify_storage_s3.test.amplify_storage_s3_uploadfile" name="Throws StorageException when method channel result does not include the key" time="0.022"/>
    <testcase classname=".Users.pravgupt.Workspaces.Flutter.amplify_fork.amplify_flutter.packages.amplify_storage_s3.test.amplify_storage_s3_uploadfile" name="A PlatformException results in a StorageException being thrown" time="0.012"/>
  </testsuite>
  <testsuite errors="0" failures="0" tests="2" skipped="0" name=".Users.pravgupt.Workspaces.Flutter.amplify_fork.amplify_flutter.packages.amplify_storage_s3.test.types.s3_downloadFileOptions" timestamp="2020-12-22T23:24:40">
    <properties>
      <property name="platform" value="vm"/>
    </properties>
    <testcase classname=".Users.pravgupt.Workspaces.Flutter.amplify_fork.amplify_flutter.packages.amplify_storage_s3.test.types.s3_downloadFileOptions" name="S3DownloadFileOptions can be serialized as a Map" time="0.039"/>
    <testcase classname=".Users.pravgupt.Workspaces.Flutter.amplify_fork.amplify_flutter.packages.amplify_storage_s3.test.types.s3_downloadFileOptions" name="S3DownloadFileOptions has accessLevel as guest and other properties null by default" time="0.005"/>
  </testsuite>
  <testsuite errors="0" failures="0" tests="2" skipped="0" name=".Users.pravgupt.Workspaces.Flutter.amplify_fork.amplify_flutter.packages.amplify_storage_s3.test.types.s3_listOptions" timestamp="2020-12-22T23:24:40">
    <properties>
      <property name="platform" value="vm"/>
    </properties>
    <testcase classname=".Users.pravgupt.Workspaces.Flutter.amplify_fork.amplify_flutter.packages.amplify_storage_s3.test.types.s3_listOptions" name="S3ListOptions can be serialized as a Map" time="0.049"/>
    <testcase classname=".Users.pravgupt.Workspaces.Flutter.amplify_fork.amplify_flutter.packages.amplify_storage_s3.test.types.s3_listOptions" name="S3ListOptions has accessLevel as guest and other properties null by default" time="0.013"/>
  </testsuite>
  <testsuite errors="0" failures="0" tests="2" skipped="0" name=".Users.pravgupt.Workspaces.Flutter.amplify_fork.amplify_flutter.packages.amplify_storage_s3.test.types.s3_getUrlOptions" timestamp="2020-12-22T23:24:40">
    <properties>
      <property name="platform" value="vm"/>
    </properties>
    <testcase classname=".Users.pravgupt.Workspaces.Flutter.amplify_fork.amplify_flutter.packages.amplify_storage_s3.test.types.s3_getUrlOptions" name="S3GetUrlOptions can be serialized as a Map" time="0.038"/>
    <testcase classname=".Users.pravgupt.Workspaces.Flutter.amplify_fork.amplify_flutter.packages.amplify_storage_s3.test.types.s3_getUrlOptions" name="S3GetUrlOptions has accessLevel as guest and other properties null by default" time="0.007"/>
  </testsuite>
  <testsuite errors="0" failures="0" tests="2" skipped="0" name=".Users.pravgupt.Workspaces.Flutter.amplify_fork.amplify_flutter.packages.amplify_storage_s3.test.types.s3_uploadFileOptions" timestamp="2020-12-22T23:24:40">
    <properties>
      <property name="platform" value="vm"/>
    </properties>
    <testcase classname=".Users.pravgupt.Workspaces.Flutter.amplify_fork.amplify_flutter.packages.amplify_storage_s3.test.types.s3_uploadFileOptions" name="S3UploadFileOptions can be serialized as a Map" time="0.059"/>
    <testcase classname=".Users.pravgupt.Workspaces.Flutter.amplify_fork.amplify_flutter.packages.amplify_storage_s3.test.types.s3_uploadFileOptions" name="S3GetUrlOptions has accessLevel as guest and other properties null by default" time="0.005"/>
  </testsuite>
  <testsuite errors="0" failures="0" tests="3" skipped="0" name=".Users.pravgupt.Workspaces.Flutter.amplify_fork.amplify_flutter.packages.amplify_storage_s3.test.amplify_storage_s3_downloadfile" timestamp="2020-12-22T23:24:40">
    <properties>
      <property name="platform" value="vm"/>
    </properties>
    <testcase classname=".Users.pravgupt.Workspaces.Flutter.amplify_fork.amplify_flutter.packages.amplify_storage_s3.test.amplify_storage_s3_downloadfile" name="downloadFile request returns the correct DownloadFileResult in the happy case" time="0.05"/>
    <testcase classname=".Users.pravgupt.Workspaces.Flutter.amplify_fork.amplify_flutter.packages.amplify_storage_s3.test.amplify_storage_s3_downloadfile" name="Throws StorageException when method channel result does not include a file path" time="0.009"/>
    <testcase classname=".Users.pravgupt.Workspaces.Flutter.amplify_fork.amplify_flutter.packages.amplify_storage_s3.test.amplify_storage_s3_downloadfile" name="A PlatformException results in a StorageException being thrown" time="0.007"/>
  </testsuite>
  <testsuite errors="0" failures="0" tests="3" skipped="0" name=".Users.pravgupt.Workspaces.Flutter.amplify_fork.amplify_flutter.packages.amplify_storage_s3.test.amplify_storage_s3_geturl" timestamp="2020-12-22T23:24:40">
    <properties>
      <property name="platform" value="vm"/>
    </properties>
    <testcase classname=".Users.pravgupt.Workspaces.Flutter.amplify_fork.amplify_flutter.packages.amplify_storage_s3.test.amplify_storage_s3_geturl" name="getUrl request returns the correct GetUrlResult in the happy case" time="0.041"/>
    <testcase classname=".Users.pravgupt.Workspaces.Flutter.amplify_fork.amplify_flutter.packages.amplify_storage_s3.test.amplify_storage_s3_geturl" name="Throws StorageException when method channel result does not include the download url" time="0.015"/>
    <testcase classname=".Users.pravgupt.Workspaces.Flutter.amplify_fork.amplify_flutter.packages.amplify_storage_s3.test.amplify_storage_s3_geturl" name="A PlatformException results in a StorageException being thrown" time="0.006"/>
  </testsuite>
  <testsuite errors="0" failures="0" tests="4" skipped="0" name=".Users.pravgupt.Workspaces.Flutter.amplify_fork.amplify_flutter.packages.amplify_storage_s3.test.amplify_storage_s3_list" timestamp="2020-12-22T23:24:40">
    <properties>
      <property name="platform" value="vm"/>
    </properties>
    <testcase classname=".Users.pravgupt.Workspaces.Flutter.amplify_fork.amplify_flutter.packages.amplify_storage_s3.test.amplify_storage_s3_list" name="list request returns the correct ListResult in the happy case" time="0.054"/>
    <testcase classname=".Users.pravgupt.Workspaces.Flutter.amplify_fork.amplify_flutter.packages.amplify_storage_s3.test.amplify_storage_s3_list" name="Throws StorageException when method channel result does not include the items list" time="0.007"/>
    <testcase classname=".Users.pravgupt.Workspaces.Flutter.amplify_fork.amplify_flutter.packages.amplify_storage_s3.test.amplify_storage_s3_list" name="Throws StorageException when method channel result does not include the key attribute in any of the storage items" time="0.005"/>
    <testcase classname=".Users.pravgupt.Workspaces.Flutter.amplify_fork.amplify_flutter.packages.amplify_storage_s3.test.amplify_storage_s3_list" name="A PlatformException results in a StorageException being thrown" time="0.005"/>
  </testsuite>
  <testsuite errors="0" failures="0" tests="3" skipped="0" name=".Users.pravgupt.Workspaces.Flutter.amplify_fork.amplify_flutter.packages.amplify_storage_s3.test.amplify_storage_s3_remove" timestamp="2020-12-22T23:24:40">
    <properties>
      <property name="platform" value="vm"/>
    </properties>
    <testcase classname=".Users.pravgupt.Workspaces.Flutter.amplify_fork.amplify_flutter.packages.amplify_storage_s3.test.amplify_storage_s3_remove" name="Remove request returns the correct RemoveResult in the happy case" time="0.04"/>
    <testcase classname=".Users.pravgupt.Workspaces.Flutter.amplify_fork.amplify_flutter.packages.amplify_storage_s3.test.amplify_storage_s3_remove" name="Throws StorageException when method channel result does not include the key" time="0.008"/>
    <testcase classname=".Users.pravgupt.Workspaces.Flutter.amplify_fork.amplify_flutter.packages.amplify_storage_s3.test.amplify_storage_s3_remove" name="A PlatformException results in a StorageException being thrown" time="0.005"/>
  </testsuite>
</testsuites>