<?xml version="1.0" encoding="UTF-8"?>
<testsuites>
  <testsuite errors="0" failures="0" tests="7" skipped="0" name=".Users.pravgupt.Workspaces.Flutter.amplify_fork.amplify_flutter.packages.amplify_analytics_pinpoint.test.amplify_analytics_pinpoint" timestamp="2020-12-22T23:23:46">
    <properties>
      <property name="platform" value="vm"/>
    </properties>
    <testcase classname=".Users.pravgupt.Workspaces.Flutter.amplify_fork.amplify_flutter.packages.amplify_analytics_pinpoint.test.amplify_analytics_pinpoint" name="recordEvent results in true" time="0.029"/>
    <testcase classname=".Users.pravgupt.Workspaces.Flutter.amplify_fork.amplify_flutter.packages.amplify_analytics_pinpoint.test.amplify_analytics_pinpoint" name="recordEvent results in true" time="0.006"/>
    <testcase classname=".Users.pravgupt.Workspaces.Flutter.amplify_fork.amplify_flutter.packages.amplify_analytics_pinpoint.test.amplify_analytics_pinpoint" name="registerGlobalProperties results in true" time="0.003"/>
    <testcase classname=".Users.pravgupt.Workspaces.Flutter.amplify_fork.amplify_flutter.packages.amplify_analytics_pinpoint.test.amplify_analytics_pinpoint" name="registerGlobalProperties results in true" time="0.002"/>
    <testcase classname=".Users.pravgupt.Workspaces.Flutter.amplify_fork.amplify_flutter.packages.amplify_analytics_pinpoint.test.amplify_analytics_pinpoint" name="identify user results in true" time="0.004"/>
    <testcase classname=".Users.pravgupt.Workspaces.Flutter.amplify_fork.amplify_flutter.packages.amplify_analytics_pinpoint.test.amplify_analytics_pinpoint" name="identify user results in true" time="0.003"/>
    <testcase classname=".Users.pravgupt.Workspaces.Flutter.amplify_fork.amplify_flutter.packages.amplify_analytics_pinpoint.test.amplify_analytics_pinpoint" name="identify user results in true" time="0.004"/>
  </testsuite>
</testsuites>