<?xml version="1.0" encoding="UTF-8"?>
<testsuites>
  <testsuite errors="0" failures="0" tests="4" skipped="0" name=".Users.pravgupt.Workspaces.Flutter.amplify_fork.amplify_flutter.packages.amplify_datastore_plugin_interface.test.amplify_modelschema" timestamp="2020-12-22T23:24:14">
    <properties>
      <property name="platform" value="vm"/>
    </properties>
    <testcase classname=".Users.pravgupt.Workspaces.Flutter.amplify_fork.amplify_flutter.packages.amplify_datastore_plugin_interface.test.amplify_modelschema" name="Blog codegen model generates modelschema with proper fields" time="0.038"/>
    <testcase classname=".Users.pravgupt.Workspaces.Flutter.amplify_fork.amplify_flutter.packages.amplify_datastore_plugin_interface.test.amplify_modelschema" name="Comment codegen model generates modelschema with proper fields" time="0.005"/>
    <testcase classname=".Users.pravgupt.Workspaces.Flutter.amplify_fork.amplify_flutter.packages.amplify_datastore_plugin_interface.test.amplify_modelschema" name="Post codegen model generates modelschema with proper fields" time="0.005"/>
    <testcase classname=".Users.pravgupt.Workspaces.Flutter.amplify_fork.amplify_flutter.packages.amplify_datastore_plugin_interface.test.amplify_modelschema" name="PostAuthComplex codegen model generates modelschema with proper fields" time="0.006"/>
  </testsuite>
  <testsuite errors="0" failures="0" tests="7" skipped="0" name=".Users.pravgupt.Workspaces.Flutter.amplify_fork.amplify_flutter.packages.amplify_datastore_plugin_interface.test.amplify_utility" timestamp="2020-12-22T23:24:14">
    <properties>
      <property name="platform" value="vm"/>
    </properties>
    <testcase classname=".Users.pravgupt.Workspaces.Flutter.amplify_fork.amplify_flutter.packages.amplify_datastore_plugin_interface.test.amplify_utility" name="DateTimeParse.toDateTimeIso8601String generated proper string" time="0.036"/>
    <testcase classname=".Users.pravgupt.Workspaces.Flutter.amplify_fork.amplify_flutter.packages.amplify_datastore_plugin_interface.test.amplify_utility" name="DateTimeParse.fromString generates proper DateTime" time="0.016"/>
    <testcase classname=".Users.pravgupt.Workspaces.Flutter.amplify_fork.amplify_flutter.packages.amplify_datastore_plugin_interface.test.amplify_utility" name="parsers.enumToString generates proper string" time="0.004"/>
    <testcase classname=".Users.pravgupt.Workspaces.Flutter.amplify_fork.amplify_flutter.packages.amplify_datastore_plugin_interface.test.amplify_utility" name="parsers.enumToString generates empty string for null" time="0.004"/>
    <testcase classname=".Users.pravgupt.Workspaces.Flutter.amplify_fork.amplify_flutter.packages.amplify_datastore_plugin_interface.test.amplify_utility" name="parsers.enumFromString generates proper enum" time="0.003"/>
    <testcase classname=".Users.pravgupt.Workspaces.Flutter.amplify_fork.amplify_flutter.packages.amplify_datastore_plugin_interface.test.amplify_utility" name="parsers.enumFromString generates null for non existing enum values" time="0.003"/>
    <testcase classname=".Users.pravgupt.Workspaces.Flutter.amplify_fork.amplify_flutter.packages.amplify_datastore_plugin_interface.test.amplify_utility" name="parsers.enumFromString generates null for empty string representing enum" time="0.003"/>
  </testsuite>
  <testsuite errors="0" failures="0" tests="2" skipped="0" name=".Users.pravgupt.Workspaces.Flutter.amplify_fork.amplify_flutter.packages.amplify_datastore_plugin_interface.test.amplify_modelType" timestamp="2020-12-22T23:24:14">
    <properties>
      <property name="platform" value="vm"/>
    </properties>
    <testcase classname=".Users.pravgupt.Workspaces.Flutter.amplify_fork.amplify_flutter.packages.amplify_datastore_plugin_interface.test.amplify_modelType" name="Comment.classType generates proper json from serializedMap modelschema" time="0.037"/>
    <testcase classname=".Users.pravgupt.Workspaces.Flutter.amplify_fork.amplify_flutter.packages.amplify_datastore_plugin_interface.test.amplify_modelType" name="Test that nested serializedData generates proper json" time="0.005"/>
  </testsuite>
  <testsuite errors="0" failures="0" tests="4" skipped="0" name=".Users.pravgupt.Workspaces.Flutter.amplify_fork.amplify_flutter.packages.amplify_datastore_plugin_interface.test.amplify_modelschema_to_map" timestamp="2020-12-22T23:24:14">
    <properties>
      <property name="platform" value="vm"/>
    </properties>
    <testcase classname=".Users.pravgupt.Workspaces.Flutter.amplify_fork.amplify_flutter.packages.amplify_datastore_plugin_interface.test.amplify_modelschema_to_map" name="Blog codegen model generates modelschema with proper fields" time="0.043"/>
    <testcase classname=".Users.pravgupt.Workspaces.Flutter.amplify_fork.amplify_flutter.packages.amplify_datastore_plugin_interface.test.amplify_modelschema_to_map" name="Comment codegen model generates modelschema with proper fields" time="0.005"/>
    <testcase classname=".Users.pravgupt.Workspaces.Flutter.amplify_fork.amplify_flutter.packages.amplify_datastore_plugin_interface.test.amplify_modelschema_to_map" name="Post codegen model generates modelschema with proper fields" time="0.009"/>
    <testcase classname=".Users.pravgupt.Workspaces.Flutter.amplify_fork.amplify_flutter.packages.amplify_datastore_plugin_interface.test.amplify_modelschema_to_map" name="PostAuthComplex codegen model generates modelschema with proper fields" time="0.006"/>
  </testsuite>
</testsuites>