SF:lib/amplify_storage_s3.dart
DA:27,15
DA:30,15
DA:32,15
DA:35,0
DA:37,0
DA:38,0
DA:42,1
DA:44,2
DA:47,1
DA:49,2
DA:52,1
DA:54,2
DA:57,0
DA:59,0
DA:62,2
DA:65,4
LF:16
LH:11
end_of_record
SF:lib/method_channel_storage_s3.dart
DA:29,1
DA:33,2
DA:35,1
DA:37,1
DA:39,0
DA:46,1
DA:49,2
DA:51,1
DA:53,1
DA:55,0
DA:62,1
DA:65,2
DA:67,1
DA:69,1
DA:71,0
DA:78,0
DA:81,0
DA:83,0
DA:85,0
DA:87,0
DA:94,2
DA:98,4
DA:100,2
DA:102,2
DA:104,0
DA:110,1
DA:111,2
DA:114,1
DA:115,2
DA:118,1
DA:119,2
DA:122,0
DA:123,0
DA:124,0
DA:125,0
DA:126,0
DA:127,0
DA:128,0
DA:129,0
DA:130,0
DA:131,0
DA:133,0
DA:137,2
DA:138,6
LF:44
LH:24
end_of_record
SF:lib/src/S3DownloadFile/S3DownloadFileOptions.dart
DA:21,0
DA:22,0
DA:24,0
DA:26,0
DA:27,0
DA:28,0
DA:29,0
LF:7
LH:0
end_of_record
SF:lib/src/S3GetUrl/S3GetUrlOptions.dart
DA:21,0
DA:23,0
DA:25,0
DA:27,0
DA:29,0
DA:31,0
DA:32,0
DA:35,0
DA:36,0
LF:9
LH:0
end_of_record
SF:lib/src/S3List/S3ListOptions.dart
DA:7,0
DA:8,0
DA:10,0
DA:12,0
DA:13,0
DA:14,0
DA:17,0
DA:18,0
LF:8
LH:0
end_of_record
SF:lib/src/S3UploadFile/S3UploadFileOptions.dart
DA:21,0
DA:26,0
DA:31,0
DA:33,0
DA:35,0
DA:37,0
DA:38,0
DA:41,0
DA:42,0
DA:45,0
DA:46,0
LF:11
LH:0
end_of_record
